0 info it worked if it ends with ok
1 verbose cli [ 'node', '/usr/local/bin/npm', 'publish' ]
2 info using npm@2.7.5
3 info using node@v0.12.2
4 verbose node symlink /usr/local/bin/node
5 verbose publish [ '.' ]
6 silly cache add args [ '.', null ]
7 verbose cache add spec .
8 silly cache add parsed spec { raw: '.',
8 silly cache add   scope: null,
8 silly cache add   name: null,
8 silly cache add   rawSpec: '.',
8 silly cache add   spec: '/Users/mjr/Documents/code/internal/modules/react-style-to-css',
8 silly cache add   type: 'directory' }
9 verbose addLocalDirectory /Users/mjr/.npm/react-style-to-css/0.0.1/package.tgz not in flight; packing
10 verbose tar pack [ '/Users/mjr/.npm/react-style-to-css/0.0.1/package.tgz',
10 verbose tar pack   '/Users/mjr/Documents/code/internal/modules/react-style-to-css' ]
11 verbose tarball /Users/mjr/.npm/react-style-to-css/0.0.1/package.tgz
12 verbose folder /Users/mjr/Documents/code/internal/modules/react-style-to-css
13 info prepublish react-style-to-css@0.0.1
14 verbose addLocalTarball adding from inside cache /Users/mjr/.npm/react-style-to-css/0.0.1/package.tgz
15 silly cache afterAdd react-style-to-css@0.0.1
16 verbose afterAdd /Users/mjr/.npm/react-style-to-css/0.0.1/package/package.json not in flight; writing
17 verbose afterAdd /Users/mjr/.npm/react-style-to-css/0.0.1/package/package.json written
18 silly publish { name: 'react-style-to-css',
18 silly publish   version: '0.0.1',
18 silly publish   description: 'react-style code for converting styles to css strings',
18 silly publish   main: './styleToCSS.js',
18 silly publish   license: 'MIT',
18 silly publish   dependencies: { react: '>=0.13.3' },
18 silly publish   repository:
18 silly publish    { type: 'git',
18 silly publish      url: 'https://github.com/mangochomp/react-style-to-css' },
18 silly publish   readme: '# React Style to CSS (string)\nA heavily cropped, simplified version of the style to css string logic in [react-style][]. Used by [react-static-jsx][].\n\nexample:\n\n    var React = require(\'react\')\n    var styleToCssString = require(\'react-style-to-css\')\n\n    var styles = {\n        color: \'red\',\n        backgroundColor: \'white\'\n    };\n\n    class HelloWorld extends React.Component{\n      render() {\n        return <div style={styleToCssString(styles)}>Hello, world!</div>\n      }\n    }\n\nLicense\n---\nMIT\n\n[react-style]: https://github.com/js-next/react-style\n[react-static-jsx]: https://github.com/mangochomp/react-static-jsx\n',
18 silly publish   readmeFilename: 'README.md',
18 silly publish   gitHead: '902b753bc901ded192de6fadd3a0c95c25063a7b',
18 silly publish   bugs: { url: 'https://github.com/mangochomp/react-style-to-css/issues' },
18 silly publish   homepage: 'https://github.com/mangochomp/react-style-to-css',
18 silly publish   _id: 'react-style-to-css@0.0.1',
18 silly publish   scripts: {},
18 silly publish   _shasum: '78962fc4bce5cf6766cc4faae1aa71765248745f',
18 silly publish   _from: '.' }
19 silly mapToRegistry name react-style-to-css
20 silly mapToRegistry using default registry
21 silly mapToRegistry registry https://registry.npmjs.org/
22 silly mapToRegistry uri https://registry.npmjs.org/react-style-to-css
23 verbose publish registryBase https://registry.npmjs.org/
24 silly publish uploading /Users/mjr/.npm/react-style-to-css/0.0.1/package.tgz
25 verbose request uri https://registry.npmjs.org/react-style-to-css
26 verbose request sending authorization for write operation
27 info attempt registry request try #1 at 19:33:15
28 verbose request using bearer token for auth
29 verbose request id c1acd1850bb4a583
30 http request PUT https://registry.npmjs.org/react-style-to-css
31 http 403 https://registry.npmjs.org/react-style-to-css
32 verbose headers { 'content-type': 'application/json',
32 verbose headers   'cache-control': 'max-age=60',
32 verbose headers   'content-length': '95',
32 verbose headers   'accept-ranges': 'bytes',
32 verbose headers   date: 'Sun, 25 Oct 2015 15:33:16 GMT',
32 verbose headers   via: '1.1 varnish',
32 verbose headers   connection: 'keep-alive',
32 verbose headers   'x-served-by': 'cache-fra1228-FRA',
32 verbose headers   'x-cache': 'MISS',
32 verbose headers   'x-cache-hits': '0',
32 verbose headers   'x-timer': 'S1445787194.414660,VS0,VE1782' }
33 verbose request invalidating /Users/mjr/.npm/registry.npmjs.org/react-style-to-css on PUT
34 error publish Failed PUT 403
35 verbose stack Error: "You cannot publish over the previously published version 0.0.1." : react-style-to-css
35 verbose stack     at CachingRegistryClient.<anonymous> (/usr/local/lib/node_modules/npm/node_modules/npm-registry-client/lib/request.js:247:14)
35 verbose stack     at Request._callback (/usr/local/lib/node_modules/npm/node_modules/npm-registry-client/lib/request.js:170:14)
35 verbose stack     at Request.self.callback (/usr/local/lib/node_modules/npm/node_modules/request/request.js:360:22)
35 verbose stack     at Request.emit (events.js:110:17)
35 verbose stack     at Request.<anonymous> (/usr/local/lib/node_modules/npm/node_modules/request/request.js:1202:14)
35 verbose stack     at Request.emit (events.js:129:20)
35 verbose stack     at IncomingMessage.<anonymous> (/usr/local/lib/node_modules/npm/node_modules/request/request.js:1150:12)
35 verbose stack     at IncomingMessage.emit (events.js:129:20)
35 verbose stack     at _stream_readable.js:908:16
35 verbose stack     at process._tickCallback (node.js:355:11)
36 verbose statusCode 403
37 verbose pkgid react-style-to-css
38 verbose cwd /Users/mjr/Documents/code/internal/modules/react-style-to-css
39 error Darwin 14.3.0
40 error argv "node" "/usr/local/bin/npm" "publish"
41 error node v0.12.2
42 error npm  v2.7.5
43 error code E403
44 error "You cannot publish over the previously published version 0.0.1." : react-style-to-css
45 error If you need help, you may report this error at:
45 error     <https://github.com/npm/npm/issues>
46 verbose exit [ 1, true ]
